# JRE version: Java(TM) SE Runtime Environment (8.0_141-b15) (build 1.8.0_141-b15)
# Java VM: Java HotSpot(TM) 64-Bit Server VM (25.141-b15 mixed mode windows-amd64 compressed oops)
Heap:
 PSYoungGen      total 130560K, used 50221K [0x00000000d5f80000, 0x00000000dea80000, 0x0000000100000000)
  eden space 118784K, 39% used [0x00000000d5f80000,0x00000000d8de3600,0x00000000dd380000)
  from space 11776K, 23% used [0x00000000ddf00000,0x00000000de1a8010,0x00000000dea80000)
  to   space 11776K, 0% used [0x00000000dd380000,0x00000000dd380000,0x00000000ddf00000)
 ParOldGen       total 81920K, used 66452K [0x0000000081e00000, 0x0000000086e00000, 0x00000000d5f80000)
  object space 81920K, 81% used [0x0000000081e00000,0x0000000085ee5390,0x0000000086e00000)
 Metaspace       used 27520K, capacity 28372K, committed 28544K, reserved 1075200K
  class space    used 3100K, capacity 3353K, committed 3456K, reserved 1048576K
GC Heap History (10 events):
Event: 9.383 GC heap before
{Heap before GC invocations=13 (full 1):
 PSYoungGen      total 130560K, used 125121K [0x00000000d5f80000, 0x00000000dea80000, 0x0000000100000000)
  eden space 118784K, 100% used [0x00000000d5f80000,0x00000000dd380000,0x00000000dd380000)
  from space 11776K, 53% used [0x00000000dd380000,0x00000000dd9b0708,0x00000000ddf00000)
  to   space 11776K, 0% used [0x00000000ddf00000,0x00000000ddf00000,0x00000000dea80000)
 ParOldGen       total 81920K, used 57604K [0x0000000081e00000, 0x0000000086e00000, 0x00000000d5f80000)
  object space 81920K, 70% used [0x0000000081e00000,0x00000000856410a0,0x0000000086e00000)
 Metaspace       used 27225K, capacity 28052K, committed 28160K, reserved 1075200K
  class space    used 3076K, capacity 3305K, committed 3328K, reserved 1048576K
Event: 9.390 GC heap after
Heap after GC invocations=13 (full 1):
 PSYoungGen      total 130560K, used 5726K [0x00000000d5f80000, 0x00000000dea80000, 0x0000000100000000)
  eden space 118784K, 0% used [0x00000000d5f80000,0x00000000d5f80000,0x00000000dd380000)
  from space 11776K, 48% used [0x00000000ddf00000,0x00000000de497a30,0x00000000dea80000)
  to   space 11776K, 0% used [0x00000000dd380000,0x00000000dd380000,0x00000000ddf00000)
 ParOldGen       total 81920K, used 57612K [0x0000000081e00000, 0x0000000086e00000, 0x00000000d5f80000)
  object space 81920K, 70% used [0x0000000081e00000,0x00000000856430a0,0x0000000086e00000)
 Metaspace       used 27225K, capacity 28052K, committed 28160K, reserved 1075200K
  class space    used 3076K, capacity 3305K, committed 3328K, reserved 1048576K
}
Event: 9.543 GC heap before
{Heap before GC invocations=14 (full 1):
 PSYoungGen      total 130560K, used 124510K [0x00000000d5f80000, 0x00000000dea80000, 0x0000000100000000)
  eden space 118784K, 100% used [0x00000000d5f80000,0x00000000dd380000,0x00000000dd380000)
  from space 11776K, 48% used [0x00000000ddf00000,0x00000000de497a30,0x00000000dea80000)
  to   space 11776K, 0% used [0x00000000dd380000,0x00000000dd380000,0x00000000ddf00000)
 ParOldGen       total 81920K, used 57612K [0x0000000081e00000, 0x0000000086e00000, 0x00000000d5f80000)
  object space 81920K, 70% used [0x0000000081e00000,0x00000000856430a0,0x0000000086e00000)
 Metaspace       used 27269K, capacity 28052K, committed 28160K, reserved 1075200K
  class space    used 3076K, capacity 3305K, committed 3328K, reserved 1048576K
Event: 9.550 GC heap after
Heap after GC invocations=14 (full 1):
 PSYoungGen      total 130560K, used 2240K [0x00000000d5f80000, 0x00000000dea80000, 0x0000000100000000)
  eden space 118784K, 0% used [0x00000000d5f80000,0x00000000d5f80000,0x00000000dd380000)
  from space 11776K, 19% used [0x00000000dd380000,0x00000000dd5b0010,0x00000000ddf00000)
  to   space 11776K, 0% used [0x00000000ddf00000,0x00000000ddf00000,0x00000000dea80000)
 ParOldGen       total 81920K, used 62124K [0x0000000081e00000, 0x0000000086e00000, 0x00000000d5f80000)
  object space 81920K, 75% used [0x0000000081e00000,0x0000000085aab380,0x0000000086e00000)
 Metaspace       used 27269K, capacity 28052K, committed 28160K, reserved 1075200K
  class space    used 3076K, capacity 3305K, committed 3328K, reserved 1048576K
}
Event: 9.665 GC heap before
{Heap before GC invocations=15 (full 1):
 PSYoungGen      total 130560K, used 121024K [0x00000000d5f80000, 0x00000000dea80000, 0x0000000100000000)
  eden space 118784K, 100% used [0x00000000d5f80000,0x00000000dd380000,0x00000000dd380000)
  from space 11776K, 19% used [0x00000000dd380000,0x00000000dd5b0010,0x00000000ddf00000)
  to   space 11776K, 0% used [0x00000000ddf00000,0x00000000ddf00000,0x00000000dea80000)
 ParOldGen       total 81920K, used 62124K [0x0000000081e00000, 0x0000000086e00000, 0x00000000d5f80000)
  object space 81920K, 75% used [0x0000000081e00000,0x0000000085aab380,0x0000000086e00000)
 Metaspace       used 27290K, capacity 28116K, committed 28160K, reserved 1075200K
  class space    used 3076K, capacity 3305K, committed 3328K, reserved 1048576K
Event: 9.670 GC heap after
Heap after GC invocations=15 (full 1):
 PSYoungGen      total 130560K, used 1120K [0x00000000d5f80000, 0x00000000dea80000, 0x0000000100000000)
  eden space 118784K, 0% used [0x00000000d5f80000,0x00000000d5f80000,0x00000000dd380000)
  from space 11776K, 9% used [0x00000000ddf00000,0x00000000de018000,0x00000000dea80000)
  to   space 11776K, 0% used [0x00000000dd380000,0x00000000dd380000,0x00000000ddf00000)
 ParOldGen       total 81920K, used 64268K [0x0000000081e00000, 0x0000000086e00000, 0x00000000d5f80000)
  object space 81920K, 78% used [0x0000000081e00000,0x0000000085cc3390,0x0000000086e00000)
 Metaspace       used 27290K, capacity 28116K, committed 28160K, reserved 1075200K
  class space    used 3076K, capacity 3305K, committed 3328K, reserved 1048576K
}
Event: 9.827 GC heap before
{Heap before GC invocations=16 (full 1):
 PSYoungGen      total 130560K, used 119904K [0x00000000d5f80000, 0x00000000dea80000, 0x0000000100000000)
  eden space 118784K, 100% used [0x00000000d5f80000,0x00000000dd380000,0x00000000dd380000)
  from space 11776K, 9% used [0x00000000ddf00000,0x00000000de018000,0x00000000dea80000)
  to   space 11776K, 0% used [0x00000000dd380000,0x00000000dd380000,0x00000000ddf00000)
 ParOldGen       total 81920K, used 64268K [0x0000000081e00000, 0x0000000086e00000, 0x00000000d5f80000)
  object space 81920K, 78% used [0x0000000081e00000,0x0000000085cc3390,0x0000000086e00000)
 Metaspace       used 27464K, capacity 28336K, committed 28544K, reserved 1075200K
  class space    used 3095K, capacity 3347K, committed 3456K, reserved 1048576K
Event: 9.836 GC heap after
Heap after GC invocations=16 (full 1):
 PSYoungGen      total 130560K, used 1536K [0x00000000d5f80000, 0x00000000dea80000, 0x0000000100000000)
  eden space 118784K, 0% used [0x00000000d5f80000,0x00000000d5f80000,0x00000000dd380000)
  from space 11776K, 13% used [0x00000000dd380000,0x00000000dd500010,0x00000000ddf00000)
  to   space 11776K, 0% used [0x00000000ddf00000,0x00000000ddf00000,0x00000000dea80000)
 ParOldGen       total 81920K, used 65324K [0x0000000081e00000, 0x0000000086e00000, 0x00000000d5f80000)
  object space 81920K, 79% used [0x0000000081e00000,0x0000000085dcb390,0x0000000086e00000)
 Metaspace       used 27464K, capacity 28336K, committed 28544K, reserved 1075200K
  class space    used 3095K, capacity 3347K, committed 3456K, reserved 1048576K
}
Event: 9.982 GC heap before
{Heap before GC invocations=17 (full 1):
 PSYoungGen      total 130560K, used 120320K [0x00000000d5f80000, 0x00000000dea80000, 0x0000000100000000)
  eden space 118784K, 100% used [0x00000000d5f80000,0x00000000dd380000,0x00000000dd380000)
  from space 11776K, 13% used [0x00000000dd380000,0x00000000dd500010,0x00000000ddf00000)
  to   space 11776K, 0% used [0x00000000ddf00000,0x00000000ddf00000,0x00000000dea80000)
 ParOldGen       total 81920K, used 65324K [0x0000000081e00000, 0x0000000086e00000, 0x00000000d5f80000)
  object space 81920K, 79% used [0x0000000081e00000,0x0000000085dcb390,0x0000000086e00000)
 Metaspace       used 27511K, capacity 28372K, committed 28544K, reserved 1075200K
  class space    used 3100K, capacity 3353K, committed 3456K, reserved 1048576K
Event: 9.989 GC heap after
Heap after GC invocations=17 (full 1):
 PSYoungGen      total 130560K, used 2720K [0x00000000d5f80000, 0x00000000dea80000, 0x0000000100000000)
  eden space 118784K, 0% used [0x00000000d5f80000,0x00000000d5f80000,0x00000000dd380000)
  from space 11776K, 23% used [0x00000000ddf00000,0x00000000de1a8010,0x00000000dea80000)
  to   space 11776K, 0% used [0x00000000dd380000,0x00000000dd380000,0x00000000ddf00000)
 ParOldGen       total 81920K, used 66452K [0x0000000081e00000, 0x0000000086e00000, 0x00000000d5f80000)
  object space 81920K, 81% used [0x0000000081e00000,0x0000000085ee5390,0x0000000086e00000)
 Metaspace       used 27511K, capacity 28372K, committed 28544K, reserved 1075200K
  class space    used 3100K, capacity 3353K, committed 3456K, reserved 1048576K
}

